<?xml version="1.0" encoding="UTF-8"?>
<testsuite xmlns:xsi="http://www.w3.org/2001/XMLSchema-instance" xsi:noNamespaceSchemaLocation="https://maven.apache.org/surefire/maven-surefire-plugin/xsd/surefire-test-report-3.0.xsd" version="3.0" name="hellocucumber.RunCucumberTest" time="0.322" tests="7" errors="0" skipped="0" failures="0">
  <properties>
    <property name="java.specification.version" value="13"/>
    <property name="sun.jnu.encoding" value="UTF-8"/>
    <property name="java.class.path" value="/home/victorthompson/Documents/COURS_BUT3/QUALITE_DEV/TP2/target/test-classes:/home/victorthompson/Documents/COURS_BUT3/QUALITE_DEV/TP2/target/classes:/home/victorthompson/.m2/repository/io/cucumber/cucumber-java/7.14.1/cucumber-java-7.14.1.jar:/home/victorthompson/.m2/repository/io/cucumber/cucumber-core/7.14.1/cucumber-core-7.14.1.jar:/home/victorthompson/.m2/repository/io/cucumber/cucumber-gherkin/7.14.1/cucumber-gherkin-7.14.1.jar:/home/victorthompson/.m2/repository/io/cucumber/cucumber-gherkin-messages/7.14.1/cucumber-gherkin-messages-7.14.1.jar:/home/victorthompson/.m2/repository/io/cucumber/gherkin/26.2.0/gherkin-26.2.0.jar:/home/victorthompson/.m2/repository/io/cucumber/messages/22.0.0/messages-22.0.0.jar:/home/victorthompson/.m2/repository/io/cucumber/tag-expressions/6.0.0/tag-expressions-6.0.0.jar:/home/victorthompson/.m2/repository/io/cucumber/cucumber-expressions/17.0.1/cucumber-expressions-17.0.1.jar:/home/victorthompson/.m2/repository/io/cucumber/datatable/7.14.1/datatable-7.14.1.jar:/home/victorthompson/.m2/repository/io/cucumber/cucumber-plugin/7.14.1/cucumber-plugin-7.14.1.jar:/home/victorthompson/.m2/repository/io/cucumber/docstring/7.14.1/docstring-7.14.1.jar:/home/victorthompson/.m2/repository/io/cucumber/html-formatter/20.4.0/html-formatter-20.4.0.jar:/home/victorthompson/.m2/repository/io/cucumber/junit-xml-formatter/0.2.0/junit-xml-formatter-0.2.0.jar:/home/victorthompson/.m2/repository/io/cucumber/ci-environment/10.0.0/ci-environment-10.0.0.jar:/home/victorthompson/.m2/repository/org/apiguardian/apiguardian-api/1.1.2/apiguardian-api-1.1.2.jar:/home/victorthompson/.m2/repository/io/cucumber/cucumber-junit-platform-engine/7.14.1/cucumber-junit-platform-engine-7.14.1.jar:/home/victorthompson/.m2/repository/org/junit/platform/junit-platform-engine/1.10.1/junit-platform-engine-1.10.1.jar:/home/victorthompson/.m2/repository/org/opentest4j/opentest4j/1.3.0/opentest4j-1.3.0.jar:/home/victorthompson/.m2/repository/org/junit/platform/junit-platform-commons/1.10.1/junit-platform-commons-1.10.1.jar:/home/victorthompson/.m2/repository/org/junit/platform/junit-platform-suite/1.10.1/junit-platform-suite-1.10.1.jar:/home/victorthompson/.m2/repository/org/junit/platform/junit-platform-suite-api/1.10.1/junit-platform-suite-api-1.10.1.jar:/home/victorthompson/.m2/repository/org/junit/platform/junit-platform-suite-engine/1.10.1/junit-platform-suite-engine-1.10.1.jar:/home/victorthompson/.m2/repository/org/junit/platform/junit-platform-suite-commons/1.10.1/junit-platform-suite-commons-1.10.1.jar:/home/victorthompson/.m2/repository/org/junit/platform/junit-platform-launcher/1.10.1/junit-platform-launcher-1.10.1.jar:/home/victorthompson/.m2/repository/org/junit/jupiter/junit-jupiter/5.10.1/junit-jupiter-5.10.1.jar:/home/victorthompson/.m2/repository/org/junit/jupiter/junit-jupiter-api/5.10.1/junit-jupiter-api-5.10.1.jar:/home/victorthompson/.m2/repository/org/junit/jupiter/junit-jupiter-params/5.10.1/junit-jupiter-params-5.10.1.jar:/home/victorthompson/.m2/repository/org/junit/jupiter/junit-jupiter-engine/5.10.1/junit-jupiter-engine-5.10.1.jar:"/>
    <property name="java.vm.vendor" value="Oracle Corporation"/>
    <property name="sun.arch.data.model" value="64"/>
    <property name="java.vendor.url" value="https://java.oracle.com/"/>
    <property name="user.timezone" value="Europe/Paris"/>
    <property name="os.name" value="Linux"/>
    <property name="java.vm.specification.version" value="13"/>
    <property name="sun.java.launcher" value="SUN_STANDARD"/>
    <property name="user.country" value="FR"/>
    <property name="sun.boot.library.path" value="/opt/jdk-13.0.1/lib"/>
    <property name="sun.java.command" value="/home/victorthompson/Documents/COURS_BUT3/QUALITE_DEV/TP2/target/surefire/surefirebooter-20231214090243087_3.jar /home/victorthompson/Documents/COURS_BUT3/QUALITE_DEV/TP2/target/surefire 2023-12-14T09-02-42_903-jvmRun1 surefire-20231214090243087_1tmp surefire_0-20231214090243087_2tmp"/>
    <property name="jdk.debug" value="release"/>
    <property name="surefire.test.class.path" value="/home/victorthompson/Documents/COURS_BUT3/QUALITE_DEV/TP2/target/test-classes:/home/victorthompson/Documents/COURS_BUT3/QUALITE_DEV/TP2/target/classes:/home/victorthompson/.m2/repository/io/cucumber/cucumber-java/7.14.1/cucumber-java-7.14.1.jar:/home/victorthompson/.m2/repository/io/cucumber/cucumber-core/7.14.1/cucumber-core-7.14.1.jar:/home/victorthompson/.m2/repository/io/cucumber/cucumber-gherkin/7.14.1/cucumber-gherkin-7.14.1.jar:/home/victorthompson/.m2/repository/io/cucumber/cucumber-gherkin-messages/7.14.1/cucumber-gherkin-messages-7.14.1.jar:/home/victorthompson/.m2/repository/io/cucumber/gherkin/26.2.0/gherkin-26.2.0.jar:/home/victorthompson/.m2/repository/io/cucumber/messages/22.0.0/messages-22.0.0.jar:/home/victorthompson/.m2/repository/io/cucumber/tag-expressions/6.0.0/tag-expressions-6.0.0.jar:/home/victorthompson/.m2/repository/io/cucumber/cucumber-expressions/17.0.1/cucumber-expressions-17.0.1.jar:/home/victorthompson/.m2/repository/io/cucumber/datatable/7.14.1/datatable-7.14.1.jar:/home/victorthompson/.m2/repository/io/cucumber/cucumber-plugin/7.14.1/cucumber-plugin-7.14.1.jar:/home/victorthompson/.m2/repository/io/cucumber/docstring/7.14.1/docstring-7.14.1.jar:/home/victorthompson/.m2/repository/io/cucumber/html-formatter/20.4.0/html-formatter-20.4.0.jar:/home/victorthompson/.m2/repository/io/cucumber/junit-xml-formatter/0.2.0/junit-xml-formatter-0.2.0.jar:/home/victorthompson/.m2/repository/io/cucumber/ci-environment/10.0.0/ci-environment-10.0.0.jar:/home/victorthompson/.m2/repository/org/apiguardian/apiguardian-api/1.1.2/apiguardian-api-1.1.2.jar:/home/victorthompson/.m2/repository/io/cucumber/cucumber-junit-platform-engine/7.14.1/cucumber-junit-platform-engine-7.14.1.jar:/home/victorthompson/.m2/repository/org/junit/platform/junit-platform-engine/1.10.1/junit-platform-engine-1.10.1.jar:/home/victorthompson/.m2/repository/org/opentest4j/opentest4j/1.3.0/opentest4j-1.3.0.jar:/home/victorthompson/.m2/repository/org/junit/platform/junit-platform-commons/1.10.1/junit-platform-commons-1.10.1.jar:/home/victorthompson/.m2/repository/org/junit/platform/junit-platform-suite/1.10.1/junit-platform-suite-1.10.1.jar:/home/victorthompson/.m2/repository/org/junit/platform/junit-platform-suite-api/1.10.1/junit-platform-suite-api-1.10.1.jar:/home/victorthompson/.m2/repository/org/junit/platform/junit-platform-suite-engine/1.10.1/junit-platform-suite-engine-1.10.1.jar:/home/victorthompson/.m2/repository/org/junit/platform/junit-platform-suite-commons/1.10.1/junit-platform-suite-commons-1.10.1.jar:/home/victorthompson/.m2/repository/org/junit/platform/junit-platform-launcher/1.10.1/junit-platform-launcher-1.10.1.jar:/home/victorthompson/.m2/repository/org/junit/jupiter/junit-jupiter/5.10.1/junit-jupiter-5.10.1.jar:/home/victorthompson/.m2/repository/org/junit/jupiter/junit-jupiter-api/5.10.1/junit-jupiter-api-5.10.1.jar:/home/victorthompson/.m2/repository/org/junit/jupiter/junit-jupiter-params/5.10.1/junit-jupiter-params-5.10.1.jar:/home/victorthompson/.m2/repository/org/junit/jupiter/junit-jupiter-engine/5.10.1/junit-jupiter-engine-5.10.1.jar:"/>
    <property name="sun.cpu.endian" value="little"/>
    <property name="user.home" value="/home/victorthompson"/>
    <property name="user.language" value="fr"/>
    <property name="java.specification.vendor" value="Oracle Corporation"/>
    <property name="java.version.date" value="2019-10-15"/>
    <property name="java.home" value="/opt/jdk-13.0.1"/>
    <property name="file.separator" value="/"/>
    <property name="basedir" value="/home/victorthompson/Documents/COURS_BUT3/QUALITE_DEV/TP2"/>
    <property name="java.vm.compressedOopsMode" value="Zero based"/>
    <property name="line.separator" value="&#10;"/>
    <property name="java.vm.specification.vendor" value="Oracle Corporation"/>
    <property name="java.specification.name" value="Java Platform API Specification"/>
    <property name="surefire.real.class.path" value="/home/victorthompson/Documents/COURS_BUT3/QUALITE_DEV/TP2/target/surefire/surefirebooter-20231214090243087_3.jar"/>
    <property name="sun.management.compiler" value="HotSpot 64-Bit Tiered Compilers"/>
    <property name="java.runtime.version" value="13.0.1+9"/>
    <property name="user.name" value="victorthompson"/>
    <property name="path.separator" value=":"/>
    <property name="os.version" value="6.5.0-1003-oem"/>
    <property name="java.runtime.name" value="OpenJDK Runtime Environment"/>
    <property name="file.encoding" value="UTF-8"/>
    <property name="java.vm.name" value="OpenJDK 64-Bit Server VM"/>
    <property name="localRepository" value="/home/victorthompson/.m2/repository"/>
    <property name="java.vendor.url.bug" value="https://bugreport.java.com/bugreport/"/>
    <property name="java.io.tmpdir" value="/tmp"/>
    <property name="java.version" value="13.0.1"/>
    <property name="user.dir" value="/home/victorthompson/Documents/COURS_BUT3/QUALITE_DEV/TP2"/>
    <property name="os.arch" value="amd64"/>
    <property name="java.vm.specification.name" value="Java Virtual Machine Specification"/>
    <property name="java.library.path" value="/usr/java/packages/lib:/usr/lib64:/lib64:/lib:/usr/lib"/>
    <property name="java.vm.info" value="mixed mode, sharing"/>
    <property name="java.vendor" value="Oracle Corporation"/>
    <property name="java.vm.version" value="13.0.1+9"/>
    <property name="sun.io.unicode.encoding" value="UnicodeLittle"/>
    <property name="java.class.version" value="57.0"/>
  </properties>
  <testcase name="Example #1.1" classname="Examples" time="0.076">
    <system-out><![CDATA[
Scenario Outline: Creating an empty order  &amp#27;[90m# hellocucumber/cocktail.feature:12&amp#27;[0m
  &amp#27;[32mGiven &amp#27;[0m&amp#27;[32m&amp#27;[0m&amp#27;[32m&amp#27;[1m"Romeo"&amp#27;[0m&amp#27;[32m who wants to buy a drink&amp#27;[0m   &amp#27;[90m# hellocucumber.StepDefinitions.romeo_who_wants_to_buy_drinks(java.lang.String)&amp#27;[0m
  &amp#27;[32mWhen &amp#27;[0m&amp#27;[32man order is declared for &amp#27;[0m&amp#27;[32m&amp#27;[1m"Juliette"&amp#27;[0m &amp#27;[90m# hellocucumber.StepDefinitions.an_order_is_declared_for_juliette(java.lang.String)&amp#27;[0m
  &amp#27;[32mThen &amp#27;[0m&amp#27;[32mthere is &amp#27;[0m&amp#27;[32m&amp#27;[1m0&amp#27;[0m&amp#27;[32m cocktails in the order&amp#27;[0m   &amp#27;[90m# hellocucumber.StepDefinitions.thereIsNbCocktailsCocktailsInTheOrder(int)&amp#27;[0m
]]></system-out>
  </testcase>
  <testcase name="Example #1.1" classname="Examples" time="0.014">
    <system-out><![CDATA[
Scenario Outline: Sending a message with an order                &amp#27;[90m# hellocucumber/cocktail.feature:23&amp#27;[0m
  &amp#27;[32mGiven &amp#27;[0m&amp#27;[32m&amp#27;[0m&amp#27;[32m&amp#27;[1m"Romeo"&amp#27;[0m&amp#27;[32m who wants to buy a drink&amp#27;[0m                         &amp#27;[90m# hellocucumber.StepDefinitions.romeo_who_wants_to_buy_drinks(java.lang.String)&amp#27;[0m
  &amp#27;[32mWhen &amp#27;[0m&amp#27;[32man order is declared for &amp#27;[0m&amp#27;[32m&amp#27;[1m"Juliette"&amp#27;[0m                       &amp#27;[90m# hellocucumber.StepDefinitions.an_order_is_declared_for_juliette(java.lang.String)&amp#27;[0m
  &amp#27;[32mAnd &amp#27;[0m&amp#27;[32ma message saying &amp#27;[0m&amp#27;[32m&amp#27;[1m"Wanna chat?"&amp#27;[0m&amp#27;[32m is added&amp#27;[0m                    &amp#27;[90m# hellocucumber.StepDefinitions.a_message_saying_is_added(java.lang.String)&amp#27;[0m
  &amp#27;[32mThen &amp#27;[0m&amp#27;[32mthe ticket must say &amp#27;[0m&amp#27;[32m&amp#27;[1m"From Romeo to Juliette: Wanna chat?"&amp#27;[0m &amp#27;[90m# hellocucumber.StepDefinitions.the_ticket_must_say(java.lang.String)&amp#27;[0m
]]></system-out>
  </testcase>
  <testcase name="Example #1.1" classname="Examples" time="0.012">
    <system-out><![CDATA[
Scenario Outline: Today is or is not Friday &amp#27;[90m# hellocucumber/is_it_friday_yet.feature:11&amp#27;[0m
  &amp#27;[32mGiven &amp#27;[0m&amp#27;[32mtoday is &amp#27;[0m&amp#27;[32m&amp#27;[1m"Friday"&amp#27;[0m                   &amp#27;[90m# hellocucumber.IsItFriday.today_is(java.lang.String)&amp#27;[0m
  &amp#27;[32mWhen &amp#27;[0m&amp#27;[32mI ask whether it's Friday yet&amp#27;[0m        &amp#27;[90m# hellocucumber.IsItFriday.i_ask_whether_it_s_Friday_yet()&amp#27;[0m
  &amp#27;[32mThen &amp#27;[0m&amp#27;[32mI should be told &amp#27;[0m&amp#27;[32m&amp#27;[1m"TGIF"&amp#27;[0m              &amp#27;[90m# hellocucumber.IsItFriday.i_should_be_told(java.lang.String)&amp#27;[0m
]]></system-out>
  </testcase>
  <testcase name="Example #1.2" classname="Examples" time="0.012">
    <system-out><![CDATA[
Scenario Outline: Creating an empty order &amp#27;[90m# hellocucumber/cocktail.feature:13&amp#27;[0m
  &amp#27;[32mGiven &amp#27;[0m&amp#27;[32m&amp#27;[0m&amp#27;[32m&amp#27;[1m"Tom"&amp#27;[0m&amp#27;[32m who wants to buy a drink&amp#27;[0m    &amp#27;[90m# hellocucumber.StepDefinitions.romeo_who_wants_to_buy_drinks(java.lang.String)&amp#27;[0m
  &amp#27;[32mWhen &amp#27;[0m&amp#27;[32man order is declared for &amp#27;[0m&amp#27;[32m&amp#27;[1m"Jerry"&amp#27;[0m   &amp#27;[90m# hellocucumber.StepDefinitions.an_order_is_declared_for_juliette(java.lang.String)&amp#27;[0m
  &amp#27;[32mThen &amp#27;[0m&amp#27;[32mthere is &amp#27;[0m&amp#27;[32m&amp#27;[1m0&amp#27;[0m&amp#27;[32m cocktails in the order&amp#27;[0m  &amp#27;[90m# hellocucumber.StepDefinitions.thereIsNbCocktailsCocktailsInTheOrder(int)&amp#27;[0m
]]></system-out>
  </testcase>
  <testcase name="Example #1.2" classname="Examples" time="0.015">
    <system-out><![CDATA[
Scenario Outline: Sending a message with an order    &amp#27;[90m# hellocucumber/cocktail.feature:24&amp#27;[0m
  &amp#27;[32mGiven &amp#27;[0m&amp#27;[32m&amp#27;[0m&amp#27;[32m&amp#27;[1m"Tom"&amp#27;[0m&amp#27;[32m who wants to buy a drink&amp#27;[0m               &amp#27;[90m# hellocucumber.StepDefinitions.romeo_who_wants_to_buy_drinks(java.lang.String)&amp#27;[0m
  &amp#27;[32mWhen &amp#27;[0m&amp#27;[32man order is declared for &amp#27;[0m&amp#27;[32m&amp#27;[1m"Jerry"&amp#27;[0m              &amp#27;[90m# hellocucumber.StepDefinitions.an_order_is_declared_for_juliette(java.lang.String)&amp#27;[0m
  &amp#27;[32mAnd &amp#27;[0m&amp#27;[32ma message saying &amp#27;[0m&amp#27;[32m&amp#27;[1m"Hei!"&amp#27;[0m&amp#27;[32m is added&amp#27;[0m               &amp#27;[90m# hellocucumber.StepDefinitions.a_message_saying_is_added(java.lang.String)&amp#27;[0m
  &amp#27;[32mThen &amp#27;[0m&amp#27;[32mthe ticket must say &amp#27;[0m&amp#27;[32m&amp#27;[1m"From Tom to Jerry: Hei!"&amp#27;[0m &amp#27;[90m# hellocucumber.StepDefinitions.the_ticket_must_say(java.lang.String)&amp#27;[0m
]]></system-out>
  </testcase>
  <testcase name="Example #1.2" classname="Examples" time="0.011">
    <system-out><![CDATA[
Scenario Outline: Today is or is not Friday &amp#27;[90m# hellocucumber/is_it_friday_yet.feature:12&amp#27;[0m
  &amp#27;[32mGiven &amp#27;[0m&amp#27;[32mtoday is &amp#27;[0m&amp#27;[32m&amp#27;[1m"Sunday"&amp#27;[0m                   &amp#27;[90m# hellocucumber.IsItFriday.today_is(java.lang.String)&amp#27;[0m
  &amp#27;[32mWhen &amp#27;[0m&amp#27;[32mI ask whether it's Friday yet&amp#27;[0m        &amp#27;[90m# hellocucumber.IsItFriday.i_ask_whether_it_s_Friday_yet()&amp#27;[0m
  &amp#27;[32mThen &amp#27;[0m&amp#27;[32mI should be told &amp#27;[0m&amp#27;[32m&amp#27;[1m"Nope"&amp#27;[0m              &amp#27;[90m# hellocucumber.IsItFriday.i_should_be_told(java.lang.String)&amp#27;[0m
]]></system-out>
  </testcase>
  <testcase name="Example #1.3" classname="Examples" time="0.011">
    <system-out><![CDATA[
Scenario Outline: Today is or is not Friday &amp#27;[90m# hellocucumber/is_it_friday_yet.feature:13&amp#27;[0m
  &amp#27;[32mGiven &amp#27;[0m&amp#27;[32mtoday is &amp#27;[0m&amp#27;[32m&amp#27;[1m"anything else!"&amp#27;[0m           &amp#27;[90m# hellocucumber.IsItFriday.today_is(java.lang.String)&amp#27;[0m
  &amp#27;[32mWhen &amp#27;[0m&amp#27;[32mI ask whether it's Friday yet&amp#27;[0m        &amp#27;[90m# hellocucumber.IsItFriday.i_ask_whether_it_s_Friday_yet()&amp#27;[0m
  &amp#27;[32mThen &amp#27;[0m&amp#27;[32mI should be told &amp#27;[0m&amp#27;[32m&amp#27;[1m"Nope"&amp#27;[0m              &amp#27;[90m# hellocucumber.IsItFriday.i_should_be_told(java.lang.String)&amp#27;[0m
]]></system-out>
  </testcase>
</testsuite>